160
4 2 4 9 30 
4 37 39 9 9 
4 30 2 9 37 
4 9 62 2 62 
4 2 74 9 4 
4 9 2 2 39 
4 37 62 94 2 
4 62 102 94 94 
4 4 9 62 39 
4 9 4 4 30 
4 102 4 62 102 
4 74 37 30 94 
4 2 102 4 102 
4 37 39 2 74 
4 102 37 30 4 
4 37 2 2 74 
4 2 62 62 62 
4 102 30 30 9 
4 9 94 9 4 
4 94 4 39 30 
4 74 30 2 9 
4 94 37 2 39 
4 102 39 74 4 
4 94 4 4 2 
4 30 62 37 62 
4 74 37 74 62 
4 74 74 4 39 
4 4 37 37 30 
4 39 94 102 39 
4 37 4 74 39 
4 37 37 30 37 
4 4 2 9 102 
4 2 39 94 74 
4 74 4 62 37 
4 62 30 94 62 
4 9 102 30 102 
4 37 102 4 74 
4 4 9 94 30 
4 9 102 74 94 
4 39 30 4 39 
4 37 4 74 62 
4 94 94 74 9 
4 102 62 2 9 
4 62 74 39 16 
4 22 25 26 27 
4 29 32 36 40 
4 41 44 45 46 
4 45 36 56 27 
4 66 56 70 40 
4 44 41 80 81 
4 92 95 100 101 
4 46 106 107 107 
4 112 114 41 25 
4 100 124 128 66 
4 100 136 128 144 
4 114 70 152 153 
4 160 124 172 152 
4 32 36 195 198 
4 200 81 200 36 
4 144 70 106 29 
3 128 81 27 
3 26 56 267 
3 66 80 44 
3 80 200 44 
3 56 295 304 
3 95 100 92 
3 106 341 46 
3 359 45 153 
3 359 341 40 
3 359 144 70 
3 359 198 27 
3 36 26 101 
3 26 267 40 
3 44 45 468 
3 490 267 3 
3 6 8 10 
3 13 18 23 
3 24 31 55 
3 23 71 89 
3 90 91 99 
3 105 117 121 
3 123 139 149 
3 159 162 8 
3 177 180 188 
3 192 201 203 
3 214 218 225 
3 192 235 242 
3 263 268 8 
3 99 91 294 
3 302 328 268 
3 345 348 351 
3 353 362 8 
3 162 201 192 
3 391 328 117 
3 294 399 23 
3 403 407 177 
3 422 424 427 
3 177 391 437 
3 438 149 149 
3 201 31 422 
3 91 472 474 
3 497 5 15 
3 19 20 34 
3 34 61 147 
3 175 181 187 
3 193 199 208 
3 219 231 236 
3 240 208 258 
3 271 273 277 
3 288 292 311 
3 19 324 356 
3 360 367 385 
3 387 396 405 
3 409 419 430 
3 433 439 445 
3 455 473 15 
3 499 0 38 
3 48 52 108 
3 111 113 155 
3 166 210 221 
2 234 261 
2 264 298 
2 310 329 
2 350 371 
2 376 434 
2 448 350 
2 452 463 
2 475 486 
2 11 64 
2 72 73 
2 120 141 
2 156 158 
2 170 182 
2 213 266 
2 301 319 
2 337 410 
2 443 462 
2 484 495 
2 7 17 
2 86 154 
2 189 212 
2 334 352 
2 358 358 
2 492 1 
2 14 21 
2 256 279 
2 299 299 
2 315 322 
2 330 421 
2 454 12 
2 33 47 
2 33 300 
2 326 482 
2 28 35 
2 93 97 
2 190 28 
2 190 97 
2 190 28 
2 35 93 
2 190 35 
