1628
4 73 79 92 104 
4 109 116 167 205 
4 243 320 339 344 
4 350 375 420 429 
4 474 494 539 551 
4 584 588 665 680 
4 701 702 713 722 
4 751 770 779 783 
4 817 857 882 932 
4 944 971 994 1011 
4 1014 1017 1025 1072 
4 1098 1104 1108 1185 
4 1236 1241 1244 1257 
4 1262 1274 1280 1300 
4 1309 1310 1342 1360 
4 1363 1370 1379 1380 
4 1387 1394 1398 1408 
4 1420 1428 1432 1457 
4 1458 1463 1500 1566 
4 1573 1577 1603 1617 
4 1641 1651 1730 1736 
4 1739 1772 1776 1790 
4 1828 1842 1875 1879 
4 1938 2005 2014 2017 
4 2031 2048 2111 2197 
4 2217 2223 2247 2258 
4 2273 2286 2290 2315 
4 2317 2339 2341 2366 
4 2404 2413 2465 2491 
4 2588 2593 2606 2609 
4 2613 2618 2626 2638 
4 2641 2677 2684 2701 
4 2719 2735 2760 2778 
4 2788 2791 2815 2822 
4 2844 2853 2855 2904 
4 2926 2943 2945 2989 
4 2991 3081 3100 3130 
4 3152 3162 3185 3198 
4 3206 3230 3238 3252 
4 3282 3288 3294 3336 
4 3378 3380 3390 3406 
4 3436 3551 3572 3576 
4 3603 3627 3642 3652 
4 3711 3720 3751 3778 
4 3800 3826 3829 3831 
4 3836 3850 3858 3955 
4 3959 3986 3989 4008 
4 4017 4039 4049 4051 
4 4081 4114 4241 4253 
4 4264 4265 4303 4310 
4 4347 4364 4396 4418 
4 4459 4462 4493 4526 
4 4536 4541 4543 4576 
4 4580 4586 4597 4601 
4 4654 4680 4722 4743 
4 4744 4755 4759 4812 
4 4853 4864 4872 4889 
4 4921 4934 4970 5000 
4 5016 5031 5033 5062 
4 5069 5112 5221 5228 
4 5243 5258 5270 5291 
4 5385 5394 5403 5414 
4 5475 5560 5572 5618 
4 5620 5629 5634 5673 
4 5684 5716 5759 5761 
4 5805 5857 5933 5934 
4 5937 5976 5999 6001 
4 6004 6013 6043 6084 
4 6116 6159 6164 6190 
4 6200 6221 6236 6267 
4 6271 6295 6325 6327 
4 6369 6383 6399 6408 
4 6418 6433 6461 6469 
4 6523 6552 6566 6626 
4 6658 6710 6712 6736 
4 6775 6785 6872 6874 
4 6877 6878 6895 6898 
4 6906 6936 6980 6987 
4 6991 7035 7039 7054 
4 7113 7114 7133 7169 
4 7182 7189 7203 7226 
4 7291 7312 7328 7338 
4 7396 7452 7455 7469 
4 7477 7552 7575 7589 
4 7601 7641 7676 7680 
4 7708 7738 7765 7767 
4 7774 7790 7810 7874 
4 7908 7933 8005 8033 
4 8046 8054 8069 8092 
4 8096 8120 8121 8125 
4 8157 8169 8191 8192 
4 8216 8218 8225 8249 
4 8255 8280 8362 8403 
4 8404 8416 8490 8492 
4 8520 8538 8575 8587 
4 8619 8674 8680 8691 
4 8705 8706 8790 8795 
4 8800 8802 8910 8914 
4 8916 8971 8989 9012 
4 9056 9061 9067 9113 
4 9125 9127 9167 9169 
4 9170 9216 9228 9277 
4 9287 9288 9290 9306 
4 9317 9334 9353 9381 
4 9395 9412 9417 9420 
4 9428 9467 9480 9481 
4 9494 9517 9567 9581 
4 9607 9708 9725 9738 
4 9780 9782 9783 9796 
4 9809 9824 9897 9898 
4 9918 9923 9939 9953 
4 9979 9998 15 35 
4 46 99 100 102 
4 122 135 155 223 
4 246 266 345 368 
4 440 454 470 479 
4 497 524 528 535 
4 543 548 557 563 
4 569 599 655 663 
4 694 707 724 743 
4 747 790 841 843 
4 852 879 914 927 
4 929 933 980 1033 
4 1069 1089 1112 1121 
4 1123 1215 1229 1232 
4 1245 1247 1251 1312 
4 1314 1343 1352 1367 
4 1390 1425 1455 1493 
4 1520 1572 1630 1662 
4 1676 1697 1719 1748 
4 1757 1769 1785 1792 
4 1798 1844 1855 1901 
4 1910 1913 1926 1940 
4 1950 2037 2053 2063 
4 2069 2078 2090 2132 
4 2158 2189 2261 2287 
4 2302 2321 2338 2369 
4 2438 2445 2501 2507 
4 2539 2547 2581 2624 
4 2640 2643 2644 2655 
4 2679 2714 2721 2737 
4 2753 2768 2780 2820 
4 2832 2851 2865 2868 
4 2871 2923 2971 2975 
4 2986 3036 3056 3061 
4 3093 3139 3163 3180 
4 3197 3200 3277 3285 
4 3287 3304 3377 3384 
4 3387 3404 3421 3430 
4 3433 3435 3459 3460 
4 3461 3490 3525 3533 
4 3535 3545 3550 3568 
4 3569 3571 3589 3682 
4 3699 3709 3710 3723 
4 3725 3726 3732 3742 
4 3766 3770 3776 3868 
4 3876 3908 3931 3962 
4 3967 3970 3979 3998 
4 4003 4015 4021 4024 
4 4072 4084 4145 4152 
4 4168 4180 4199 4207 
4 4210 4225 4261 4275 
4 4276 4278 4302 4304 
4 4336 4349 4350 4378 
4 4432 4454 4481 4497 
4 4499 4563 4589 4593 
4 4603 4606 4608 4626 
4 4673 4686 4687 4707 
4 4730 4748 4749 4760 
4 4772 4778 4809 4897 
4 4955 4998 4999 5004 
4 5050 5076 5092 5116 
4 5119 5124 5139 5143 
4 5165 5186 5202 5226 
4 5230 5284 5301 5312 
4 5319 5334 5344 5354 
4 5374 5381 5408 5434 
4 5450 5477 5484 5552 
4 5555 5587 5626 5630 
4 5646 5650 5660 5662 
4 5667 5670 5711 5738 
4 5762 5781 5784 5826 
4 5878 5893 5935 5955 
4 5975 5984 5988 6047 
4 6048 6067 6086 6091 
4 6138 6139 6181 6194 
4 6217 6238 6251 6276 
4 6322 6346 6360 6386 
4 6394 6431 6475 6489 
4 6502 6503 6568 6594 
4 6597 6608 6657 6696 
4 6722 6732 6786 6795 
4 6855 6861 6863 6867 
4 6892 6916 6928 6974 
4 6978 7004 7021 7027 
4 7029 7034 7056 7073 
4 7082 7084 7107 7144 
4 7160 7193 7244 7282 
4 7304 7317 7323 7348 
4 7373 7378 7379 7446 
4 7448 7450 7456 7470 
4 7538 7597 7619 7630 
4 7691 7701 7747 7755 
4 7763 7769 7811 7816 
4 7930 7940 7941 7974 
4 7976 8013 8025 8029 
4 8042 8050 8074 8102 
4 8175 8184 8207 8226 
4 8281 8295 8301 8307 
4 8350 8378 8390 8394 
4 8428 8445 8457 8467 
4 8481 8488 8512 8514 
4 8515 8544 8574 8580 
4 8630 8666 8678 8693 
4 8723 8764 8765 8782 
4 8787 8840 8847 8901 
4 8905 8917 8943 8959 
4 8974 8982 9049 9071 
4 9093 9109 9116 9132 
4 9174 9191 9268 9279 
4 9300 9308 9310 9335 
4 9351 9358 9373 9388 
4 9402 9430 9441 9442 
4 9452 9455 9460 9477 
4 9497 9537 9630 9640 
4 9653 9731 9740 9756 
4 9766 9817 9850 9878 
4 9915 9916 9949 9983 
4 9997 19 21 52 
4 98 125 259 351 
4 397 416 442 445 
4 460 488 490 495 
4 506 592 625 647 
4 667 712 718 721 
4 742 853 861 897 
4 966 981 989 1007 
4 1028 1030 1051 1144 
4 1156 1204 1242 1365 
4 1397 1446 1486 1515 
4 1537 1565 1605 1637 
4 1643 1657 1666 1680 
4 1721 1722 1746 1759 
4 1771 1780 1786 1791 
4 1797 1823 1893 1900 
4 1906 1919 2004 2015 
4 2027 2040 2093 2099 
4 2114 2119 2145 2151 
4 2156 2209 2219 2230 
4 2250 2263 2276 2322 
4 2387 2394 2416 2440 
4 2441 2443 2455 2478 
4 2487 2519 2534 2559 
4 2605 2616 2625 2637 
4 2667 2670 2675 2678 
4 2755 2764 2767 2777 
4 2813 2845 2869 2893 
4 2894 2965 2984 2995 
4 3013 3067 3071 3094 
4 3103 3113 3116 3122 
4 3148 3160 3166 3175 
4 3179 3182 3183 3231 
4 3232 3236 3245 3289 
4 3305 3319 3351 3393 
4 3427 3441 3456 3462 
4 3507 3520 3537 3548 
4 3556 3592 3606 3609 
4 3631 3634 3659 3676 
4 3703 3706 3713 3733 
4 3755 3779 3815 3832 
4 3872 3886 3919 3920 
4 4010 4029 4045 4067 
4 4068 4111 4118 4125 
4 4129 4159 4166 4181 
4 4182 4190 4201 4223 
4 4281 4295 4338 4343 
4 4348 4360 4366 4423 
4 4431 4471 4472 4476 
4 4528 4560 4587 4590 
4 4612 4624 4753 4776 
4 4779 4799 4800 4831 
4 4849 4878 4903 4905 
4 4909 4927 4968 4974 
4 5039 5071 5103 5152 
4 5248 5249 5285 5288 
4 5307 5367 5390 5396 
4 5433 5435 5440 5445 
4 5447 5468 5478 5486 
4 5506 5565 5567 5571 
4 5590 5597 5605 5687 
4 5695 5708 5760 5775 
4 5780 5795 5818 5843 
4 5858 5866 5871 5880 
4 5911 5930 5971 5987 
4 5990 6041 6066 6103 
4 6140 6145 6165 6173 
4 6182 6204 6211 6287 
4 6292 6299 6303 6335 
4 6362 6422 6423 6538 
4 6588 6598 6601 6729 
4 6759 6802 6816 6820 
4 6865 6879 6883 6889 
4 6893 6909 6911 6929 
4 6951 6977 7012 7044 
4 7053 7070 7126 7143 
4 7161 7191 7199 7240 
4 7285 7351 7355 7358 
4 7376 7435 7449 7468 
4 7503 7519 7560 7562 
4 7572 7582 7644 7650 
4 7705 7714 7718 7720 
4 7722 7746 7762 7784 
4 7838 7846 7867 7869 
4 7910 7912 7926 7947 
4 7998 8057 8105 8126 
4 8188 8194 8234 8261 
4 8262 8285 8296 8300 
4 8317 8327 8352 8369 
4 8386 8448 8476 8483 
4 8489 8518 8577 8621 
4 8634 8649 8668 8687 
4 8690 8710 8720 8769 
4 8798 8825 8843 8856 
4 8884 8885 8921 8937 
4 8946 8948 8949 8973 
4 8993 9025 9040 9052 
4 9053 9064 9080 9110 
4 9112 9141 9163 9177 
4 9203 9389 9396 9422 
4 9445 9454 9462 9472 
4 9504 9518 9531 9541 
4 9558 9565 9574 9587 
4 9598 9645 9657 9676 
4 9683 9697 9704 9707 
4 9739 9758 9760 9790 
4 9808 9845 9857 9911 
4 9925 9947 9980 9992 
4 29 48 90 113 
4 126 166 176 187 
4 212 233 276 282 
4 310 317 334 354 
4 366 387 389 399 
4 426 436 455 547 
4 552 585 679 710 
4 755 785 787 807 
4 808 830 851 905 
4 925 963 969 991 
4 1019 1024 1048 1067 
4 1092 1124 1126 1150 
4 1169 1173 1175 1255 
4 1263 1272 1289 1291 
4 1356 1362 1392 1417 
4 1434 1448 1468 1481 
4 1482 1560 1585 1644 
4 1659 1660 1702 1710 
4 1715 1752 1760 1782 
4 1784 1795 1816 1858 
4 1863 1894 1896 1914 
4 1921 1945 1974 1991 
4 1997 2034 2042 2056 
4 2118 2130 2135 2187 
4 2275 2284 2292 2316 
4 2350 2374 2397 2403 
4 2446 2450 2454 2460 
4 2479 2524 2528 2654 
4 2690 2738 2742 2761 
4 2779 2801 2816 2818 
4 2829 2880 2896 2897 
4 2901 2914 2917 2938 
4 2973 3033 3039 3063 
4 3069 3143 3181 3215 
4 3264 3317 3345 3388 
4 3512 3524 3538 3554 
4 3562 3575 3597 3601 
4 3650 3666 3702 3764 
4 3771 3774 3847 3848 
4 3851 3861 3900 3921 
4 3946 3948 3957 3960 
4 4033 4035 4061 4082 
4 4087 4096 4130 4169 
4 4171 4186 4204 4219 
4 4256 4268 4289 4296 
4 4317 4321 4326 4329 
4 4342 4346 4368 4370 
4 4380 4385 4420 4484 
4 4485 4492 4510 4539 
4 4548 4652 4683 4698 
4 4719 4745 4751 4784 
4 4785 4805 4815 4824 
4 4836 4862 4869 4908 
4 4941 5002 5034 5036 
4 5102 5109 5114 5115 
4 5154 5194 5204 5216 
4 5232 5267 5300 5305 
4 5309 5326 5335 5337 
4 5392 5405 5432 5438 
4 5459 5493 5500 5502 
4 5520 5521 5524 5562 
4 5580 5623 5645 5647 
4 5654 5669 5692 5704 
4 5707 5709 5737 5764 
4 5765 5787 5827 5830 
4 5842 5846 5855 5922 
4 5932 6032 6070 6071 
4 6089 6092 6115 6124 
4 6172 6191 6207 6241 
4 6298 6314 6317 6338 
4 6349 6397 6413 6442 
4 6460 6464 6465 6486 
4 6501 6515 6555 6572 
4 6573 6609 6646 6695 
4 6707 6758 6768 6791 
4 6793 6798 6801 6826 
4 6884 6908 6910 6954 
4 6970 6997 7006 7115 
4 7141 7157 7173 7181 
4 7188 7195 7256 7265 
4 7277 7287 7294 7300 
4 7325 7331 7341 7366 
4 7402 7411 7420 7422 
4 7428 7437 7482 7497 
4 7563 7576 7609 7612 
4 7615 7687 7723 7754 
4 7773 7776 7806 7837 
4 7844 7865 7935 7952 
4 8018 8024 8041 8048 
4 8051 8055 8060 8071 
4 8082 8130 8140 8146 
4 8149 8217 8219 8271 
4 8279 8290 8313 8323 
4 8324 8343 8385 8402 
4 8427 8460 8480 8496 
4 8588 8594 8611 8622 
4 8627 8656 8669 8700 
4 8799 8809 8817 8830 
4 8852 8887 8892 8896 
4 8912 8920 8925 8936 
4 8939 8953 8976 8980 
4 9001 9033 9058 9103 
4 9108 9133 9138 9147 
4 9178 9184 9202 9231 
4 9273 9303 9304 9343 
4 9392 9432 9437 9439 
4 9466 9476 9509 9516 
4 9522 9579 9639 9642 
4 9654 9666 9688 9801 
4 9803 9835 9840 9841 
4 9875 9893 9909 9913 
4 9924 9926 9937 9940 
4 9956 14 36 42 
4 43 50 66 74 
4 80 84 95 105 
4 127 129 134 231 
4 239 250 267 277 
4 285 286 330 331 
4 337 340 377 386 
4 400 408 434 501 
4 518 553 564 580 
4 581 624 661 664 
4 692 716 731 732 
4 744 754 761 762 
4 775 809 869 874 
4 878 946 985 1026 
4 1035 1039 1041 1078 
4 1079 1102 1125 1128 
4 1163 1193 1213 1225 
4 1239 1240 1252 1281 
4 1325 1354 1358 1410 
4 1419 1431 1449 1451 
4 1456 1473 1503 1506 
4 1545 1548 1600 1602 
4 1670 1672 1674 1682 
4 1738 1805 1916 1927 
4 1944 1960 2003 2032 
4 2041 2071 2073 2113 
4 2139 2177 2182 2183 
4 2188 2225 2255 2256 
4 2257 2270 2301 2360 
4 2396 2414 2419 2421 
4 2471 2482 2493 2494 
4 2496 2542 2615 2646 
4 2703 2708 2710 2734 
4 2739 2756 2763 2774 
4 2784 2787 2796 2800 
4 2810 2840 2847 2849 
4 2867 2940 2958 2969 
4 2979 2992 3005 3014 
4 3032 3034 3040 3065 
4 3098 3101 3128 3151 
4 3172 3190 3269 3291 
4 3342 3359 3448 3510 
4 3514 3528 3574 3598 
4 3599 3604 3613 3638 
4 3646 3660 3661 3667 
4 3675 3701 3740 3805 
4 3814 3835 3856 3865 
4 3867 3881 3910 3937 
4 3938 3954 3971 3974 
4 3982 3996 3999 4007 
4 4070 4071 4073 4085 
4 4086 4101 4162 4189 
4 4195 4203 4213 4288 
4 4299 4315 4316 4324 
4 4345 4362 4382 4391 
4 4395 4401 4409 4424 
4 4437 4446 4494 4500 
4 4512 4566 4569 4585 
4 4615 4629 4647 4677 
4 4682 4729 4733 4756 
4 4795 4803 4817 4825 
4 4850 4881 4888 4901 
4 4944 4945 4947 4993 
4 5003 5037 5038 5054 
4 5084 5093 5105 5144 
4 5159 5180 5215 5217 
4 5269 5289 5314 5320 
4 5348 5369 5372 5393 
4 5420 5425 5452 5490 
4 5497 5525 5564 5575 
4 5608 5637 5659 5664 
4 5668 5679 5712 5715 
4 5734 5735 5767 5821 
4 5927 5953 5960 5967 
4 5973 6011 6019 6044 
4 6045 6061 6080 6083 
4 6099 6113 6214 6218 
4 6224 6333 6424 6437 
4 6439 6440 6449 6525 
4 6556 6589 6610 6624 
4 6625 6667 6689 6691 
4 6717 6728 6734 6790 
4 6813 6847 6881 6886 
4 6896 6926 6931 6975 
4 7046 7076 7124 7147 
4 7158 7225 7234 7242 
4 7254 7269 7280 7284 
4 7295 7353 7354 7370 
4 7472 7505 7506 7537 
4 7571 7587 7621 7625 
4 7681 7685 7702 7728 
4 7735 7879 7885 7893 
4 7904 7905 7955 7979 
4 8014 8072 8078 8088 
4 8091 8106 8112 8182 
4 8208 8237 8243 8245 
4 8270 8288 8294 8302 
4 8315 8335 8339 8351 
4 8357 8358 8360 8364 
4 8371 8377 8414 8421 
4 8444 8482 8484 8526 
4 8531 8551 8566 8589 
4 8657 8688 8704 8735 
4 8738 8741 8744 8755 
4 8783 8818 8829 8838 
4 8841 8858 8902 8906 
4 8922 8935 8962 8999 
4 9005 9018 9054 9077 
4 9079 9104 9118 9144 
4 9153 9185 9242 9266 
4 9285 9292 9315 9318 
4 9378 9404 9405 9408 
4 9416 9435 9449 9461 
4 9482 9492 9503 9515 
4 9562 9596 9619 9665 
4 9668 9672 9674 9687 
4 9702 9705 9727 9735 
4 9753 9791 9827 9831 
4 9834 9889 9890 9902 
4 9919 9928 9951 9967 
4 26 75 91 119 
4 247 265 324 327 
4 363 438 476 484 
4 503 555 560 612 
4 617 619 637 646 
4 657 685 705 748 
4 758 772 824 856 
4 873 892 913 941 
4 950 1034 1042 1053 
4 1068 1076 1083 1088 
4 1103 1143 1218 1219 
4 1264 1268 1304 1324 
4 1327 1334 1346 1368 
4 1373 1384 1414 1454 
4 1543 1675 1698 1758 
4 1779 1803 1815 1826 
4 1852 1890 1903 1907 
3 1966 1967 2001 
3 2018 2044 2092 
3 2100 2109 2133 
3 2142 2150 2157 
3 2178 2181 2214 
3 2269 2306 2327 
3 2346 2354 2355 
3 2362 2408 2429 
3 2430 2449 2458 
3 2468 2497 2513 
3 2521 2557 2576 
3 2599 2607 2620 
3 2623 2639 2648 
3 2650 2660 2680 
3 2682 2688 2698 
3 2826 2842 2850 
3 2857 2860 2888 
3 2915 2930 2960 
3 2970 2981 2997 
3 3000 3010 3068 
3 3140 3159 3168 
3 3204 3207 3221 
3 3237 3241 3250 
3 3369 3392 3410 
3 3423 3452 3458 
3 3465 3468 3470 
3 3471 3481 3488 
3 3532 3614 3625 
3 3628 3653 3687 
3 3696 3729 3735 
3 3737 3758 3759 
3 3767 3855 3934 
3 3943 3952 4053 
3 4056 4105 4117 
3 4154 4178 4198 
3 4242 4250 4277 
3 4282 4306 4332 
3 4341 4353 4397 
3 4436 4441 4448 
3 4455 4460 4463 
3 4503 4618 4645 
3 4665 4674 4735 
3 4738 4763 4765 
3 4781 4782 4835 
3 4838 4866 4919 
3 4931 4938 4984 
3 4991 5022 5053 
3 5065 5078 5079 
3 5087 5089 5127 
3 5220 5261 5290 
3 5311 5318 5321 
3 5349 5352 5402 
3 5421 5431 5455 
3 5519 5532 5638 
3 5703 5743 5801 
3 5806 5841 5868 
3 5876 5887 5914 
3 5936 5956 5992 
3 5996 6027 6030 
3 6056 6108 6117 
3 6122 6247 6249 
3 6318 6344 6347 
3 6348 6355 6372 
3 6376 6378 6385 
3 6403 6482 6507 
3 6521 6561 6575 
3 6634 6641 6653 
3 6665 6672 6706 
3 6709 6716 6718 
3 6760 6779 6789 
3 6837 6869 6907 
3 6924 6939 6943 
3 6968 6992 6995 
3 7028 7109 7214 
3 7232 7288 7297 
3 7303 7311 7324 
3 7335 7380 7440 
3 7513 7517 7566 
3 7591 7598 7599 
3 7623 7638 7679 
3 7707 7709 7775 
3 7779 7817 7831 
3 7836 7843 7853 
3 7854 7860 7968 
3 7996 7999 8066 
3 8076 8087 8145 
3 8162 8171 8213 
3 8236 8260 8266 
3 8274 8278 8283 
3 8306 8330 8341 
3 8370 8408 8450 
3 8451 8459 8510 
3 8528 8565 8647 
3 8664 8672 8718 
3 8724 8743 8762 
3 8781 8831 8844 
3 8846 8888 8913 
3 8926 8928 8945 
3 8966 8983 9160 
3 9180 9199 9208 
3 9249 9262 9293 
3 9309 9440 9463 
3 9501 9508 9510 
3 9652 9661 9681 
3 9706 9729 9733 
3 9743 9750 9757 
3 9777 9792 9798 
3 9805 9874 9899 
3 9975 9989 1 
3 107 140 220 
3 232 262 284 
3 353 364 382 
3 447 504 505 
3 537 549 595 
3 601 699 810 
3 838 855 891 
3 907 918 940 
3 942 945 951 
3 952 964 972 
3 975 1005 1008 
3 1052 1141 1151 
3 1176 1222 1246 
3 1269 1293 1301 
3 1320 1333 1375 
3 1386 1437 1442 
3 1489 1498 1518 
3 1578 1592 1607 
3 1619 1623 1626 
3 1629 1633 1663 
3 1689 1690 1709 
3 1741 1773 1794 
3 1832 1834 1854 
3 1871 1925 1957 
3 1962 1981 2021 
3 2052 2058 2079 
3 2097 2147 2174 
3 2283 2285 2291 
3 2314 2325 2371 
3 2383 2392 2473 
3 2492 2500 2526 
3 2530 2622 2699 
3 2717 2724 2744 
3 2833 2908 2959 
3 3003 3007 3009 
3 3018 3064 3177 
3 3184 3192 3220 
3 3242 3260 3283 
3 3284 3298 3303 
3 3320 3328 3372 
3 3397 3429 3446 
3 3447 3489 3501 
3 3594 3605 3622 
3 3739 3762 3772 
3 3786 3820 3852 
3 3923 3953 3964 
3 3976 3981 3995 
3 4006 4037 4077 
3 4083 4113 4121 
3 4138 4192 4218 
3 4229 4270 4313 
3 4383 4404 4417 
3 4552 4568 4583 
3 4610 4737 4740 
3 4820 4834 4854 
3 4900 4915 4920 
3 4967 4988 5009 
3 5011 5091 5110 
3 5126 5130 5147 
3 5184 5185 5196 
3 5223 5292 5296 
3 5297 5303 5306 
3 5328 5353 5358 
3 5365 5388 5404 
3 5411 5415 5454 
3 5456 5458 5507 
3 5541 5607 5636 
3 5655 5656 5685 
3 5688 5689 5691 
3 5701 5746 5753 
3 5755 5810 5847 
3 5861 5894 5942 
3 6018 6037 6072 
3 6094 6105 6131 
3 6135 6183 6219 
3 6268 6285 6341 
3 6368 6388 6427 
3 6455 6462 6487 
3 6504 6505 6530 
3 6532 6587 6603 
3 6688 6755 6810 
3 6817 6845 6858 
3 6875 6891 6941 
3 6946 6949 6955 
3 6966 7009 7015 
3 7031 7049 7051 
3 7063 7089 7128 
3 7137 7146 7205 
3 7207 7213 7241 
3 7271 7301 7389 
3 7390 7421 7462 
3 7487 7493 7495 
3 7508 7535 7568 
3 7604 7605 7628 
3 7635 7645 7646 
3 7657 7698 7737 
3 7760 7780 7787 
3 7857 7873 7892 
3 7897 7928 7997 
3 8008 8017 8020 
3 8023 8030 8070 
3 8090 8099 8100 
3 8107 8178 8254 
3 8292 8308 8319 
3 8329 8337 8354 
3 8433 8436 8439 
3 8443 8497 8513 
3 8521 8536 8552 
3 8582 8583 8586 
3 8590 8661 8699 
3 8867 8869 8871 
3 8878 8893 8904 
3 8909 8933 9017 
3 9037 9088 9095 
3 9115 9130 9142 
3 9211 9237 9254 
3 9291 9371 9375 
3 9377 9385 9401 
3 9403 9427 9444 
3 9448 9506 9512 
3 9513 9520 9544 
3 9563 9589 9593 
3 9763 9800 9847 
3 9912 9955 9982 
3 5 72 77 
3 190 228 235 
3 242 244 248 
3 254 255 261 
3 295 357 367 
3 391 450 469 
3 475 481 496 
3 517 542 578 
3 591 614 696 
3 788 798 812 
3 814 832 890 
3 904 957 967 
3 993 1064 1109 
3 1183 1189 1217 
3 1243 1297 1307 
3 1315 1319 1328 
3 1389 1402 1421 
3 1424 1438 1441 
3 1459 1465 1528 
3 1530 1544 1576 
3 1579 1594 1604 
3 1608 1655 1687 
3 1692 1829 1838 
3 1860 1872 1887 
3 1931 1968 1990 
3 2029 2054 2067 
3 2076 2077 2107 
3 2146 2180 2194 
3 2195 2229 2244 
3 2249 2251 2262 
3 2299 2312 2336 
3 2347 2349 2359 
3 2361 2363 2411 
3 2434 2474 2523 
3 2574 2603 2617 
3 2704 2729 2757 
3 2790 2792 2794 
3 2830 2846 2856 
3 2864 2866 2876 
3 2882 2913 2918 
3 2925 2967 2976 
3 2998 3016 3043 
3 3054 3150 3187 
3 3224 3249 3279 
3 3296 3315 3331 
3 3346 3365 3374 
3 3403 3440 3453 
3 3483 3497 3560 
3 3588 3612 3644 
3 3714 3738 3741 
3 3752 3801 3833 
3 3864 3874 3898 
3 3915 3918 3925 
3 3977 4012 4020 
3 4025 4028 4032 
3 4040 4065 4075 
3 4115 4122 4160 
3 4183 4212 4216 
3 4234 4243 4411 
3 4413 4429 4515 
3 4531 4542 4570 
3 4594 4602 4614 
3 4620 4643 4700 
3 4718 4757 4816 
3 4827 4828 4829 
3 4844 5015 5025 
3 5057 5063 5123 
3 5129 5137 5142 
3 5160 5193 5195 
3 5247 5262 5263 
3 5264 5293 5302 
3 5407 5464 5491 
3 5499 5501 5537 
3 5542 5545 5546 
3 5554 5561 5617 
3 5768 5797 5798 
3 5802 5923 5924 
3 5928 5943 5965 
3 5995 6006 6014 
3 6020 6029 6059 
3 6062 6101 6199 
3 6201 6209 6235 
3 6277 6281 6283 
3 6324 6379 6395 
3 6411 6512 6518 
3 6536 6548 6564 
3 6622 6642 6660 
3 6661 6663 6683 
3 6687 6723 6754 
3 6764 6765 6767 
3 6780 6783 6821 
3 6836 6840 6860 
3 6866 6930 6950 
3 7016 7023 7112 
3 7125 7171 7245 
3 7263 7283 7334 
3 7336 7339 7347 
3 7352 7383 7392 
3 7414 7486 7593 
3 7620 7651 7750 
3 7797 7894 7909 
3 7977 8122 8124 
3 8127 8151 8205 
3 8246 8269 8291 
3 8349 8359 8471 
3 8533 8549 8558 
3 8569 8581 8598 
3 8620 8623 8748 
3 8763 8788 8792 
3 8796 8813 8832 
3 8882 8899 8942 
3 8958 9026 9034 
3 9039 9084 9087 
3 9090 9097 9155 
3 9206 9244 9257 
3 9321 9348 9364 
3 9384 9391 9493 
3 9547 9610 9615 
3 9627 9632 9658 
3 9671 9677 9728 
3 9826 9837 9867 
3 9869 9872 9905 
3 9936 9938 9943 
3 9945 9973 9994 
3 88 114 138 
3 141 158 169 
3 237 260 272 
3 299 306 379 
3 410 486 510 
3 515 536 561 
3 566 567 623 
3 670 686 700 
3 704 715 736 
3 786 792 917 
3 920 928 979 
3 996 1003 1038 
3 1057 1066 1082 
3 1097 1107 1155 
3 1207 1211 1223 
3 1258 1267 1345 
3 1349 1412 1435 
3 1443 1447 1460 
3 1472 1499 1525 
3 1539 1555 1614 
3 1628 1664 1691 
3 1706 1733 1745 
3 1850 1859 1881 
3 1902 1982 1995 
3 2013 2103 2131 
3 2171 2208 2233 
3 2236 2238 2319 
3 2348 2379 2391 
3 2409 2561 2580 
3 2597 2631 2633 
3 2659 2823 2834 
3 2863 2890 2909 
3 2931 2972 3027 
3 3045 3066 3080 
3 3171 3218 3270 
3 3329 3333 3349 
3 3354 3360 3363 
3 3398 3409 3418 
3 3419 3426 3434 
3 3486 3494 3624 
3 3658 3680 3683 
3 3719 3768 3837 
3 3879 3897 3936 
3 3958 3975 4022 
3 4023 4042 4109 
3 4119 4140 4146 
3 4158 4165 4184 
3 4209 4227 4266 
3 4274 4319 4334 
3 4384 4466 4519 
3 4547 4660 4675 
3 4676 4681 4684 
3 4780 4794 4819 
3 4846 4852 4895 
3 4924 4930 4936 
3 4985 5030 5032 
3 5075 5080 5117 
3 5135 5150 5169 
3 5222 5242 5317 
3 5384 5412 5436 
3 5465 5509 5568 
3 5624 5639 5642 
3 5661 5674 5706 
3 5723 5748 5750 
3 5779 5782 5792 
3 5816 5867 5884 
3 5946 5963 5964 
3 6033 6049 6073 
3 6081 6100 6106 
3 6114 6120 6142 
3 6162 6185 6250 
3 6262 6272 6274 
3 6282 6286 6310 
3 6321 6337 6345 
3 6374 6382 6400 
3 6488 6546 6591 
3 6599 6619 6679 
3 6771 6787 6825 
3 6829 6838 6854 
3 6900 6918 6933 
3 6945 6982 7001 
3 7020 7047 7052 
3 7062 7080 7162 
3 7180 7200 7227 
3 7246 7257 7293 
3 7377 7403 7442 
3 7473 7478 7485 
3 7498 7511 7520 
3 7611 7652 7661 
3 7690 7771 7842 
3 7845 7852 7913 
3 7967 8065 8083 
3 8095 8104 8111 
3 8154 8158 8181 
3 8185 8209 8257 
3 8312 8331 8345 
3 8368 8399 8422 
3 8458 8475 8505 
3 8522 8532 8703 
3 8719 8739 8749 
3 8774 8784 8812 
3 8827 8836 8883 
3 8890 8969 8998 
3 9030 9032 9066 
3 9069 9082 9120 
3 9136 9217 9339 
3 9347 9349 9355 
3 9369 9409 9424 
3 9438 9469 9470 
3 9474 9505 9536 
3 9591 9621 9622 
3 9643 9700 9762 
3 9764 9774 9781 
3 9789 9814 9815 
3 9842 9903 9950 
3 9969 51 196 
3 202 222 294 
3 319 361 369 
3 390 427 448 
3 521 527 531 
3 544 626 653 
3 671 681 690 
3 749 763 765 
3 813 816 837 
3 910 935 943 
3 974 984 1000 
3 1018 1059 1070 
3 1074 1087 1153 
3 1191 1294 1316 
3 1338 1355 1366 
3 1391 1474 1478 
3 1550 1557 1558 
3 1567 1575 1582 
3 1596 1599 1645 
3 1703 1727 1764 
3 1989 1999 2084 
3 2204 2211 2224 
3 2266 2370 2380 
3 2452 2477 2515 
3 2540 2568 2583 
3 2611 2630 2645 
3 2651 2681 2696 
3 2748 2838 2858 
3 2884 2885 2910 
3 2916 2988 3025 
3 3046 3084 3095 
3 3111 3118 3138 
3 3165 3173 3194 
3 3202 3217 3219 
3 3234 3240 3314 
3 3326 3341 3400 
3 3503 3565 3586 
3 3649 3669 3684 
3 3688 3693 3731 
3 3763 3785 3871 
3 3988 4002 4005 
3 4027 4080 4120 
3 4128 4133 4205 
3 4239 4257 4287 
3 4294 4323 4393 
3 4408 4414 4433 
3 4667 4697 4741 
3 4813 4876 4885 
3 4962 4963 4966 
3 4971 5021 5049 
3 5088 5138 5145 
3 5176 5179 5224 
3 5283 5298 5315 
3 5364 5382 5386 
3 5417 5419 5428 
3 5528 5539 5569 
3 5581 5582 5596 
3 5601 5619 5648 
3 5675 5677 5722 
3 5739 5749 5757 
3 5789 5799 5837 
3 5852 5877 5888 
3 5892 5968 5969 
3 5985 5997 6025 
3 6057 6069 6150 
3 6151 6158 6167 
3 6169 6305 6358 
2 6392 6406 
2 6458 6470 
2 6535 6543 
2 6551 6606 
2 6670 6750 
2 6751 6819 
2 6832 6934 
2 6940 6947 
2 6969 6986 
2 7002 7111 
2 7179 7184 
2 7235 7258 
2 7321 7327 
2 7350 7401 
2 7417 7429 
2 7433 7438 
2 7465 7539 
2 7626 7670 
2 7717 7772 
2 7798 7801 
2 7808 7840 
2 7887 7929 
2 7986 7987 
2 8007 8012 
2 8077 8085 
2 8113 8156 
2 8211 8221 
2 8232 8366 
2 8373 8389 
2 8420 8424 
2 8446 8494 
2 8504 8547 
2 8550 8561 
2 8596 8599 
2 8760 8772 
2 8807 8819 
2 8848 8868 
2 8963 8968 
2 8979 9000 
2 9021 9023 
2 9074 9159 
2 9188 9219 
2 9298 9393 
2 9436 9465 
2 9485 9601 
2 9634 9646 
2 9694 9698 
2 9788 9804 
2 9821 9839 
2 9933 9960 
2 9970 41 
2 64 112 
2 162 180 
2 216 309 
2 315 360 
2 411 418 
2 519 571 
2 587 606 
2 630 641 
2 805 806 
2 822 871 
2 880 939 
2 965 1022 
2 1182 1186 
2 1190 1198 
2 1254 1302 
2 1303 1348 
2 1395 1436 
2 1470 1490 
2 1497 1501 
2 1631 1686 
2 1777 1885 
2 1911 1956 
2 2030 2088 
2 2108 2126 
2 2218 2253 
2 2311 2352 
2 2386 2436 
2 2448 2502 
2 2512 2551 
2 2552 2562 
2 2587 2635 
2 2636 2666 
2 2725 2797 
2 2902 2906 
2 2978 3026 
2 3048 3051 
2 3088 3090 
2 3110 3117 
2 3158 3201 
2 3243 3251 
2 3255 3256 
2 3321 3325 
2 3358 3366 
2 3382 3432 
2 3478 3479 
2 3487 3500 
2 3502 3529 
2 3640 3727 
2 3734 3780 
2 3788 3813 
2 3823 3909 
2 3994 4108 
2 4110 4127 
2 4142 4156 
2 4157 4263 
2 4280 4300 
2 4365 4369 
2 4388 4422 
2 4426 4450 
2 4453 4458 
2 4517 4530 
2 4575 4609 
2 4642 4701 
2 4721 4761 
2 4762 4793 
2 4802 4830 
2 4868 4928 
2 5027 5068 
2 5070 5099 
2 5111 5201 
2 5259 5275 
2 5294 5331 
2 5347 5351 
2 5379 5395 
2 5437 5485 
2 5588 5589 
2 5591 5717 
2 5726 5774 
2 5788 5790 
2 5811 5822 
2 5874 5912 
2 5940 5974 
2 5978 6075 
2 6109 6136 
2 6166 6186 
2 6230 6288 
2 6330 6438 
2 6453 6474 
2 6496 6499 
2 6508 6593 
2 6644 6652 
2 6708 6743 
2 6749 6781 
2 6788 6796 
2 6807 6815 
2 6888 6894 
2 6979 7025 
2 7055 7154 
2 7164 7185 
2 7192 7211 
2 7224 7239 
2 7416 7431 
2 7458 7528 
2 7548 7561 
2 7649 7655 
2 7668 7739 
2 7744 7749 
2 7782 7799 
2 7866 7871 
2 7891 7901 
2 7932 7958 
2 7989 8016 
2 8062 8073 
2 8131 8170 
2 8195 8227 
2 8230 8391 
2 8415 8499 
2 8503 8557 
2 8559 8595 
2 8605 8631 
2 8655 8681 
2 8717 8850 
2 8934 8961 
2 8984 8985 
2 8988 8995 
2 9055 9081 
2 9101 9107 
2 9126 9146 
2 9224 9236 
2 9239 9278 
2 9282 9316 
2 9330 9387 
2 9484 9495 
2 9560 9577 
2 9616 9648 
2 9723 9742 
2 9832 9861 
2 9929 9932 
2 9991 12 
2 93 157 
2 165 191 
2 269 302 
2 323 380 
2 406 423 
2 523 546 
2 570 572 
2 583 600 
2 607 650 
2 672 734 
2 815 881 
2 903 908 
2 911 961 
2 1054 1060 
2 1091 1095 
2 1137 1145 
2 1168 1187 
2 1273 1306 
2 1462 1531 
2 1625 1634 
2 1635 1647 
2 1693 1728 
2 1802 1809 
2 1835 1862 
2 1905 1924 
2 1933 1941 
2 1949 1977 
2 2049 2140 
2 2161 2227 
2 2248 2332 
2 2372 2415 
2 2423 2433 
2 2503 2504 
2 2505 2508 
2 2553 2564 
2 2594 2614 
2 2653 2691 
2 2758 2770 
2 2807 2825 
2 2839 2921 
2 2966 2980 
2 3070 3074 
2 3077 3079 
2 3091 3156 
2 3157 3307 
2 3310 3415 
2 3417 3450 
2 3464 3492 
2 3523 3585 
2 3600 3615 
2 3670 3690 
2 3707 3722 
2 3787 3827 
2 3890 3961 
2 3968 4013 
2 4014 4050 
2 4132 4251 
2 4252 4271 
2 4354 4373 
2 4389 4507 
2 4520 4533 
2 4545 4584 
2 4625 4634 
2 4712 4806 
2 4832 4845 
2 4896 4899 
2 4972 4976 
2 5012 5095 
2 5100 5108 
2 5188 5256 
2 5274 5282 
2 5360 5376 
2 5423 5430 
2 5439 5469 
2 5472 5495 
2 5535 5595 
2 5603 5604 
2 5641 5643 
2 5698 5700 
2 5740 5809 
2 5910 5925 
2 5983 6000 
2 6007 6021 
2 6026 6082 
2 6088 6153 
2 6187 6195 
2 6216 6222 
2 6254 6278 
2 6354 6402 
2 6412 6491 
2 6519 6527 
2 6542 6562 
2 6570 6631 
2 6654 6684 
2 6730 6745 
2 6772 6797 
2 6806 6830 
2 6868 6876 
2 6880 6912 
2 6919 6921 
2 6971 6996 
2 7005 7007 
2 7038 7066 
2 7072 7122 
2 7142 7159 
2 7165 7167 
2 7174 7243 
2 7268 7345 
2 7372 7381 
2 7408 7459 
2 7474 7476 
2 7514 7523 
2 7527 7564 
2 7570 7580 
2 7606 7607 
2 7637 7654 
2 7656 7688 
2 7719 7802 
2 7827 7855 
2 7916 7918 
2 7921 8011 
2 8039 8053 
2 8174 8223 
2 8248 8251 
2 8265 8356 
2 8365 8455 
2 8461 8560 
2 8628 8660 
2 8662 8685 
2 8805 8816 
2 8853 8891 
2 9006 9010 
2 9020 9060 
2 9076 9175 
2 9176 9207 
2 9240 9255 
2 9258 9284 
2 9311 9352 
2 9434 9447 
2 9451 9521 
2 9625 9641 
2 9673 9686 
2 9786 9812 
2 9865 9904 
2 9934 9981 
2 8 38 
2 108 175 
2 182 314 
2 322 329 
2 352 419 
2 422 449 
2 466 468 
2 483 493 
2 498 538 
2 582 629 
2 632 643 
2 698 728 
2 753 764 
2 768 776 
2 799 829 
2 934 958 
2 1113 1133 
2 1227 1235 
2 1237 1265 
2 1285 1295 
2 1335 1337 
2 1350 1413 
2 1511 1519 
2 1559 1580 
2 1613 1654 
2 1667 1753 
2 1811 1897 
2 1929 1932 
2 1964 1970 
2 1973 1987 
2 2066 2086 
2 2138 2200 
2 2202 2237 
2 2279 2377 
2 2422 2424 
2 2476 2510 
2 2511 2543 
2 2656 2664 
2 2700 2706 
2 2720 2743 
2 2782 2831 
2 2919 2948 
2 3008 3019 
2 3119 3178 
2 3195 3205 
2 3210 3259 
2 3290 3350 
2 3405 3408 
2 3416 3467 
2 3472 3611 
2 3616 3630 
2 3662 3663 
2 3705 3721 
2 3784 3798 
2 3804 3816 
2 3843 3901 
2 3916 3928 
2 3935 3947 
2 4148 4191 
2 4269 4309 
2 4327 4377 
2 4444 4461 
2 4464 4486 
2 4505 4513 
2 4540 4556 
2 4591 4648 
2 4691 4710 
2 4752 4754 
2 4758 4873 
2 4954 5018 
2 5029 5153 
2 5218 5287 
2 5333 5409 
2 5410 5463 
2 5466 5479 
2 5516 5533 
2 5538 5543 
2 5632 5680 
2 5690 5696 
2 5742 5783 
2 5807 5819 
2 5833 5844 
2 5890 5915 
2 5921 5929 
2 5966 6074 
2 6090 6119 
2 6239 6290 
2 6319 6339 
2 6343 6401 
2 6416 6480 
2 6485 6497 
2 6545 6618 
2 6647 6682 
2 6714 6763 
2 6871 7000 
2 7061 7102 
2 7106 7120 
2 7156 7217 
2 7266 7299 
2 7332 7360 
2 7404 7467 
2 7573 7682 
2 7741 7745 
2 7753 7781 
2 7794 7829 
2 7847 7858 
2 7872 7900 
2 7919 7938 
2 7973 7980 
2 8001 8002 
2 8075 8117 
2 8118 8214 
2 8224 8289 
2 8304 8379 
2 8381 8396 
2 8417 8419 
2 8474 8495 
2 8540 8542 
2 8610 8613 
2 8615 8646 
2 8728 8730 
2 8758 8820 
2 8826 8855 
2 8881 8927 
2 8972 9027 
2 9045 9046 
2 9050 9070 
2 9099 9164 
2 9193 9195 
2 9226 9253 
2 9296 9297 
2 9312 9331 
2 9356 9370 
2 9379 9411 
2 9473 9557 
2 9590 9592 
2 9608 9644 
2 9664 9669 
2 9682 9715 
2 9794 9811 
2 9825 9829 
2 9833 9854 
2 9883 81 
2 179 181 
2 215 230 
2 238 298 
2 308 338 
2 341 437 
2 485 526 
2 575 596 
2 609 638 
2 720 741 
2 759 831 
2 845 988 
2 1020 1046 
2 1195 1238 
2 1308 1313 
2 1399 1405 
2 1477 1521 
2 1534 1563 
2 1588 1679 
2 1762 1775 
2 1813 1857 
2 1864 1882 
2 1942 2075 
2 2104 2122 
2 2175 2176 
2 2192 2240 
2 2357 2378 
